This file contains any messages produced by compilers while
running configure, to aid debugging if configure makes a mistake.

It was created by HDBus configure 0.1, which was
generated by GNU Autoconf 2.61.  Invocation command line was

  $ configure --with-compiler=ghc --prefix=/home/ham/.cabal --with-gcc=/usr/bin/gcc

## --------- ##
## Platform. ##
## --------- ##

hostname = ham-ThinkPad
uname -m = x86_64
uname -r = 3.0.0-15-generic
uname -s = Linux
uname -v = #26-Ubuntu SMP Fri Jan 20 17:23:00 UTC 2012

/usr/bin/uname -p = unknown
/bin/uname -X     = unknown

/bin/arch              = unknown
/usr/bin/arch -k       = unknown
/usr/convex/getsysinfo = unknown
/usr/bin/hostinfo      = unknown
/bin/machine           = unknown
/usr/bin/oslevel       = unknown
/bin/universe          = unknown

PATH: /usr/local/sbin
PATH: /usr/local/bin
PATH: /usr/sbin
PATH: /usr/bin
PATH: /sbin
PATH: /bin
PATH: /usr/X11R6/bin


## ----------- ##
## Core tests. ##
## ----------- ##

configure:1684: checking for pkg-config
configure:1702: found /usr/bin/pkg-config
configure:1714: result: /usr/bin/pkg-config
configure:1743: checking pkg-config is at least version 0.9.0
configure:1746: result: yes
configure:1757: checking for DBUS
configure:1765: $PKG_CONFIG --exists --print-errors "dbus-1"
configure:1768: $? = 0
configure:1783: $PKG_CONFIG --exists --print-errors "dbus-1"
configure:1786: $? = 0
configure:1862: result: yes
configure:1998: creating ./config.status

## ---------------------- ##
## Running config.status. ##
## ---------------------- ##

This file was extended by HDBus config.status 0.1, which was
generated by GNU Autoconf 2.61.  Invocation command line was

  CONFIG_FILES    = 
  CONFIG_HEADERS  = 
  CONFIG_LINKS    = 
  CONFIG_COMMANDS = 
  $ ./config.status 

on ham-ThinkPad

config.status:567: creating DBus.buildinfo

## ---------------- ##
## Cache variables. ##
## ---------------- ##

ac_cv_env_DBUS_CFLAGS_set=
ac_cv_env_DBUS_CFLAGS_value=
ac_cv_env_DBUS_LIBS_set=
ac_cv_env_DBUS_LIBS_value=
ac_cv_env_PKG_CONFIG_set=
ac_cv_env_PKG_CONFIG_value=
ac_cv_env_build_alias_set=
ac_cv_env_build_alias_value=
ac_cv_env_host_alias_set=
ac_cv_env_host_alias_value=
ac_cv_env_target_alias_set=
ac_cv_env_target_alias_value=
ac_cv_path_ac_pt_PKG_CONFIG=/usr/bin/pkg-config
pkg_cv_DBUS_CFLAGS='-I/usr/include/dbus-1.0 -I/usr/lib/x86_64-linux-gnu/dbus-1.0/include  '
pkg_cv_DBUS_LIBS='-ldbus-1 -lpthread -lrt  '

## ----------------- ##
## Output variables. ##
## ----------------- ##

DBUS_CFLAGS='-I/usr/include/dbus-1.0 -I/usr/lib/x86_64-linux-gnu/dbus-1.0/include  '
DBUS_LIBS='-ldbus-1 -lpthread -lrt  '
DEFS='-DPACKAGE_NAME=\"HDBus\" -DPACKAGE_TARNAME=\"HDBus\" -DPACKAGE_VERSION=\"0.1\" -DPACKAGE_STRING=\"HDBus\ 0.1\" -DPACKAGE_BUGREPORT=\"martine@danga.com\"'
ECHO_C=''
ECHO_N='-n'
ECHO_T=''
LIBOBJS=''
LIBS=''
LTLIBOBJS=''
PACKAGE_BUGREPORT='martine@danga.com'
PACKAGE_NAME='HDBus'
PACKAGE_STRING='HDBus 0.1'
PACKAGE_TARNAME='HDBus'
PACKAGE_VERSION='0.1'
PATH_SEPARATOR=':'
PKG_CONFIG='/usr/bin/pkg-config'
SHELL='/bin/bash'
bindir='${exec_prefix}/bin'
build_alias=''
datadir='${datarootdir}'
datarootdir='${prefix}/share'
docdir='${datarootdir}/doc/${PACKAGE_TARNAME}'
dvidir='${docdir}'
exec_prefix='${prefix}'
host_alias=''
htmldir='${docdir}'
includedir='${prefix}/include'
infodir='${datarootdir}/info'
libdir='${exec_prefix}/lib'
libexecdir='${exec_prefix}/libexec'
localedir='${datarootdir}/locale'
localstatedir='${prefix}/var'
mandir='${datarootdir}/man'
oldincludedir='/usr/include'
pdfdir='${docdir}'
prefix='/home/ham/.cabal'
program_transform_name='s,x,x,'
psdir='${docdir}'
sbindir='${exec_prefix}/sbin'
sharedstatedir='${prefix}/com'
sysconfdir='${prefix}/etc'
target_alias=''

## ----------- ##
## confdefs.h. ##
## ----------- ##

#define PACKAGE_NAME "HDBus"
#define PACKAGE_TARNAME "HDBus"
#define PACKAGE_VERSION "0.1"
#define PACKAGE_STRING "HDBus 0.1"
#define PACKAGE_BUGREPORT "martine@danga.com"

configure: exit 0
